\BOOKMARK [0][-]{chapter.1}{Introducci\363n}{}% 1
\BOOKMARK [1][-]{section.1.1}{La propuesta de Trabajo de Fin de Grado}{chapter.1}% 2
\BOOKMARK [2][-]{subsection.1.1.1}{Justificaci\363n y objetivos}{section.1.1}% 3
\BOOKMARK [0][-]{chapter.2}{Proceso de investigaci\363n}{}% 4
\BOOKMARK [1][-]{section.2.1}{Planteamiento del problema}{chapter.2}% 5
\BOOKMARK [1][-]{section.2.2}{El estado del arte}{chapter.2}% 6
\BOOKMARK [1][-]{section.2.3}{La metaplasticidad en redes biol\363gicas}{chapter.2}% 7
\BOOKMARK [1][-]{section.2.4}{Metaplasticidad en redes neuronales artificiales}{chapter.2}% 8
\BOOKMARK [2][-]{subsection.2.4.1}{Propuesta de implementaci\363n de la AMP en las MLP}{section.2.4}% 9
\BOOKMARK [1][-]{section.2.5}{Metaplasticidad Artificial en RBFN}{chapter.2}% 10
\BOOKMARK [2][-]{subsection.2.5.1}{Definici\363n y caracter\355sticas de las RBFN}{section.2.5}% 11
\BOOKMARK [2][-]{subsection.2.5.2}{Aplicaci\363n directa del estimador de probabilidad}{section.2.5}% 12
\BOOKMARK [2][-]{subsection.2.5.3}{Problem\341tica}{section.2.5}% 13
\BOOKMARK [1][-]{section.2.6}{Ampliaci\363n del estado del arte}{chapter.2}% 14
\BOOKMARK [2][-]{subsection.2.6.1}{Tonotop\355a y Retinotop\355a}{section.2.6}% 15
\BOOKMARK [2][-]{subsection.2.6.2}{Kernel Methods}{section.2.6}% 16
\BOOKMARK [1][-]{section.2.7}{Propuesta de soluci\363n}{chapter.2}% 17
\BOOKMARK [0][-]{chapter.3}{Implementaci\363n}{}% 18
\BOOKMARK [1][-]{section.3.1}{Metodolog\355a de desarrollo}{chapter.3}% 19
\BOOKMARK [1][-]{section.3.2}{Lenguaje y herramientas}{chapter.3}% 20
\BOOKMARK [1][-]{section.3.3}{Esquema general del dise\361o}{chapter.3}% 21
\BOOKMARK [1][-]{section.3.4}{Implementaci\363n de la RBFN}{chapter.3}% 22
\BOOKMARK [1][-]{section.3.5}{Implementaci\363n del generador de datos}{chapter.3}% 23
\BOOKMARK [1][-]{section.3.6}{Implementaci\363n del generador de informes}{chapter.3}% 24
\BOOKMARK [2][-]{subsection.3.6.1}{Pruebas de clasificaci\363n}{section.3.6}% 25
\BOOKMARK [0][-]{chapter.4}{Experimentaci\363n}{}% 26
\BOOKMARK [1][-]{subsection.4.0.2}{Pruebas de clasificaci\363n}{chapter.4}% 27
\BOOKMARK [1][-]{section.4.1}{Comparativa de RBFN con y sin metaplasticidad}{chapter.4}% 28
\BOOKMARK [1][-]{section.4.2}{Otros resultados de inter\351s}{chapter.4}% 29
